20231211	18:34:12	2a32d206-c366-408c-9880-ccb918cc7bb7	POST	/	undefined
20231211	18:37:03	19b46bfd-cfa9-4e05-be22-2650f0bd4172	POST	/public/register	undefined
20231211	18:37:43	d2ef8832-96bd-40ee-bc22-492e0d18b9f1	POST	/public/register	undefined
20231211	18:41:55	b907afed-19a6-45c7-995c-c786418f1f4d	POST	/public/register	undefined
20231211	18:52:02	300df5fd-eae3-40c9-9aa0-3bff9b2a0e6f	POST	/public/register	undefined
20231211	18:53:44	31ea5092-57b3-48fb-87fe-34ed41bfdf2d	POST	/public/register	undefined
20231211	18:56:00	7555336e-c4e1-4ec5-aa50-a3b8c2338029	POST	/public/register	undefined
20231211	21:07:20	9f6a040a-ff7b-450a-a61d-1bf176de6c82	GET	/	undefined
20231211	21:08:41	3eb464dd-64f0-41dc-b456-4bd41f1dc0d3	POST	/public/register	undefined
20231211	21:09:18	b87764cb-e153-4961-b202-7842ce74e43b	POST	/public/register	undefined
20231211	21:20:45	10025f42-9a4f-46a3-8888-0eb50de3020d	POST	/public/register	undefined
20231211	21:23:55	5b3fcd17-5c6a-4f7f-9d08-5bc5df3e34d7	POST	/public/register	undefined
20231211	21:26:40	aa4b7844-4f3f-41f1-b585-1f65ba3ae1c1	POST	/public/register	undefined
20231211	21:28:26	e98b0341-ee0a-426f-bbe0-2dfd352509b0	POST	/public/register	undefined
20231211	21:28:42	7f9b5411-ad1a-4776-b5c4-9c64105d829e	GET	/users/email/verify/eyJhbGciOiJIUzI1NiIsInR5cCI6IkpXVCJ9.eyJlbWFpbENvZGUiOiJmMEVXem1XQXRqIiwiaWF0IjoxNzAyMzMwMTA3LCJleHAiOjE3MDIzMzAyMjd9.XssUuyeK_H5FI9Ef1eMItyutaYL2R6s6ReZdjr1qxJw	undefined
20231211	21:28:42	3866bc5d-b881-43e8-85bb-7444c104817d	GET	/favicon.ico	undefined
20231211	21:28:47	3537d44c-c252-4295-a77e-bcf55d2ad55e	GET	/users/email/verify/eyJhbGciOiJIUzI1NiIsInR5cCI6IkpXVCJ9.eyJlbWFpbENvZGUiOiJmMEVXem1XQXRqIiwiaWF0IjoxNzAyMzMwMTA3LCJleHAiOjE3MDIzMzAyMjd9.XssUuyeK_H5FI9Ef1eMItyutaYL2R6s6ReZdjr1qxJw	undefined
20231211	21:29:30	0e20f5c0-7a4a-4bdd-b12c-a3d48e32f4cd	POST	/public/register	undefined
20231211	21:32:44	03849f98-9777-4e19-be69-0f808c3ae57c	POST	/public/register	undefined
20231211	21:33:58	db834ad8-372e-4f95-8ca2-2ad2ba66f2bf	POST	/public/register	undefined
20231211	21:35:12	1a3d0a19-2c2a-404f-bbc7-09be24a1f722	POST	/public/register	undefined
20231211	21:35:42	1d8cf4a1-5608-4f87-aa7d-3f407d88a8f3	GET	/users/email/verify/eyJhbGciOiJIUzI1NiIsInR5cCI6IkpXVCJ9.eyJlbWFpbENvZGUiOiJRVUM5VFJXNFZEIiwiaWF0IjoxNzAyMzMwNTEyLCJleHAiOjE3MDIzMzA2MzJ9.77m8iriZV1Et26a9dAmYJkzvY-DQHaFK7i66yw55V2E	undefined
20231211	21:35:42	7ae2d940-bb10-420f-8585-ee206748fc8a	GET	/favicon.ico	undefined
20231211	21:36:54	82e35586-123d-4d08-8b09-cd8bde722103	POST	/public/register	undefined
20231211	22:16:09	1fe5e2b2-6c39-48ee-b98b-365f44390eed	POST	/public/register	undefined
20231211	22:16:36	b3891638-5bd0-4c93-93e6-dbd6d46003af	GET	/users/verify/phone/eyJhbGciOiJIUzI1NiIsInR5cCI6IkpXVCJ9.eyJwaG9uZUNvZGUiOiJmbWxlZGZlamNsIiwiaWF0IjoxNzAyMzMyOTcwLCJleHAiOjE3MDIzMzMwOTB9.-gCxQkbbkNZWcTPvF6acgAE9-Gtdt0NadPdUDgXdj0w	undefined
20231211	22:16:36	e7dd8287-80eb-45b9-bc75-a726a3f82e38	GET	/favicon.ico	undefined
20231211	22:16:42	d2f45098-a7aa-4d59-a506-80194159b04c	GET	/users/verify/phone/eyJhbGciOiJIUzI1NiIsInR5cCI6IkpXVCJ9.eyJwaG9uZUNvZGUiOiJmbWxlZGZlamNsIiwiaWF0IjoxNzAyMzMyOTcwLCJleHAiOjE3MDIzMzMwOTB9.-gCxQkbbkNZWcTPvF6acgAE9-Gtdt0NadPdUDgXdj0w	undefined
20231211	22:16:43	84f29805-9104-4ec7-8337-2f5fa2ab021a	GET	/users/verify/phone/eyJhbGciOiJIUzI1NiIsInR5cCI6IkpXVCJ9.eyJwaG9uZUNvZGUiOiJmbWxlZGZlamNsIiwiaWF0IjoxNzAyMzMyOTcwLCJleHAiOjE3MDIzMzMwOTB9.-gCxQkbbkNZWcTPvF6acgAE9-Gtdt0NadPdUDgXdj0w	undefined
20231211	22:16:44	d29dac58-000d-4c75-9083-54f8d025de18	GET	/users/verify/phone/eyJhbGciOiJIUzI1NiIsInR5cCI6IkpXVCJ9.eyJwaG9uZUNvZGUiOiJmbWxlZGZlamNsIiwiaWF0IjoxNzAyMzMyOTcwLCJleHAiOjE3MDIzMzMwOTB9.-gCxQkbbkNZWcTPvF6acgAE9-Gtdt0NadPdUDgXdj0w	undefined
20231211	22:16:46	1485e0c6-4073-4ff6-8fcf-1a75aca059b9	GET	/users/verify/phone/eyJhbGciOiJIUzI1NiIsInR5cCI6IkpXVCJ9.eyJwaG9uZUNvZGUiOiJmbWxlZGZlamNsIiwiaWF0IjoxNzAyMzMyOTcwLCJleHAiOjE3MDIzMzMwOTB9.-gCxQkbbkNZWcTPvF6acgAE9-Gtdt0NadPdUDgXdj0w	undefined
20231211	22:17:28	d6034b0f-72b1-4563-871c-9a85cbaa4201	GET	/users/verify/email/eyJhbGciOiJIUzI1NiIsInR5cCI6IkpXVCJ9.eyJlbWFpbENvZGUiOiJ2c2FuZkxFZHVzIiwiaWF0IjoxNzAyMzMyOTcwLCJleHAiOjE3MDIzMzMwOTB9.XcVyZM4Yr-HVNuBkxonZocAZSHyV7YY6TckjY-vnPqc	undefined
20231211	22:19:45	32441e0f-a862-4acf-a35a-e2faa6cb298a	POST	/public/register	undefined
20231211	22:20:00	c5fba9f4-ded9-4906-a0aa-14b41aeb0770	GET	/users/verify/email/eyJhbGciOiJIUzI1NiIsInR5cCI6IkpXVCJ9.eyJlbWFpbENvZGUiOiJkcmROMFpZaTVrIiwiaWF0IjoxNzAyMzMzMTg1LCJleHAiOjE3MDIzMzMzMDV9.An-7pAKshr1bfxXHASZBl-vqAtZu1C1au7LPV0M3CdA	undefined
20231211	22:28:39	671d7544-d5f1-4831-b1bc-268dcedc68cd	POST	/auth/register	undefined
20231211	22:31:24	b0b67d1e-ef36-43d1-a4a2-a890dbdc3d25	POST	/auth/register	undefined
20231211	22:31:42	707e7193-bfab-4cda-96fb-9af23a81ea22	GET	/auth/email/verify/eyJhbGciOiJIUzI1NiIsInR5cCI6IkpXVCJ9.eyJlbWFpbENvZGUiOiJMNEpjMUZ6N254IiwiaWF0IjoxNzAyMzMzODg0LCJleHAiOjE3MDIzMzQwMDR9.ne01I99uxd5EwXvOcrmcQR8MSHJf99jE4x8x6kYwXR4	undefined
20231211	22:33:01	5ae9401d-d314-4a7b-a8a0-223e7f68c0e9	POST	/auth/register	undefined
20231211	22:33:22	8f94a7a1-2d45-458e-8777-562e82545435	GET	/auth/email/verify/eyJhbGciOiJIUzI1NiIsInR5cCI6IkpXVCJ9.eyJlbWFpbENvZGUiOiJ2Vlp2S0dmSUc1IiwiaWF0IjoxNzAyMzMzOTgyLCJleHAiOjE3MDIzMzQxMDJ9.UiaHfucDZ5QBoQ41IYeHCRwJulRsv2RjwmIOcW7kz2s	undefined
20231211	22:38:54	fc7dc85b-2b0b-4462-b5e4-88ca11f9a8fb	POST	/auth/register	undefined
20231211	22:39:08	b3aa45b2-5348-4188-8013-451df0dcd546	GET	/auth/email/verify/eyJhbGciOiJIUzI1NiIsInR5cCI6IkpXVCJ9.eyJlbWFpbENvZGUiOiJmVGRIQkJUakVzIiwiaWF0IjoxNzAyMzM0MzM1LCJleHAiOjE3MDIzMzQ0NTV9.91ThIMypcv95HMpqUuxVSKYtzKkK2A7OxYIun4ZPVe4	undefined
20231211	22:45:25	d8d8cb83-c631-40aa-b157-86a8f662caca	POST	/auth/register	undefined
20231211	22:45:39	ad1a77c4-5222-49f8-84a8-84d7e6786704	GET	/auth/email/verify/eyJhbGciOiJIUzI1NiIsInR5cCI6IkpXVCJ9.eyJlbWFpbENvZGUiOiJzN01kSFNSbXlmIiwiaWF0IjoxNzAyMzM0NzI1LCJleHAiOjE3MDIzMzQ4NDV9.I1SlGw5QbajQbNZFT1SgK8yhtxrXEBq48vL0PO_kThI	undefined
20231211	22:46:22	828ac58d-acde-4088-a641-234d4bf22457	GET	/auth/email/verify/eyJhbGciOiJIUzI1NiIsInR5cCI6IkpXVCJ9.eyJlbWFpbENvZGUiOiJzN01kSFNSbXlmIiwiaWF0IjoxNzAyMzM0NzI1LCJleHAiOjE3MDIzMzQ4NDV9.I1SlGw5QbajQbNZFT1SgK8yhtxrXEBq48vL0PO_kThI	undefined
20231211	22:49:16	a5d72c0c-f632-4fd6-aca7-170c42505706	POST	/auth/register	undefined
20231211	22:49:31	88acbca1-b9cd-4cd3-8661-3342bd8b1b7d	GET	/auth/email/verify/eyJhbGciOiJIUzI1NiIsInR5cCI6IkpXVCJ9.eyJlbWFpbENvZGUiOiJxblVwazFHUjVnIiwiaWF0IjoxNzAyMzM0OTU2LCJleHAiOjE3MDIzMzUwNzZ9.-dpJCi1b04HPZKG4_PUC74FYh8Xmozfm1VmK_NiPTpQ	undefined
20231211	22:54:36	4af551d5-5e20-430d-9a33-b57c95646666	POST	/auth/register	undefined
20231211	22:54:41	9cbd6992-ff29-4ad1-bd54-e71a8dee1cde	GET	/users/email/verify/eyJhbGciOiJIUzI1NiIsInR5cCI6IkpXVCJ9.eyJlbWFpbENvZGUiOiJlcUZhR0VQM0Y1IiwiaWF0IjoxNzAyMzM1Mjc4LCJleHAiOjE3MDIzMzUzOTh9.Ir9ZvtBCK_DH0NgDQrikJwl9TlrNpW4AopoaBtVziDg	undefined
20231211	22:54:58	92d1ba15-9a24-49d3-b9b0-cfb0bba51750	GET	/auth/email/verify/eyJhbGciOiJIUzI1NiIsInR5cCI6IkpXVCJ9.eyJlbWFpbENvZGUiOiJlcUZhR0VQM0Y1IiwiaWF0IjoxNzAyMzM1Mjc4LCJleHAiOjE3MDIzMzUzOTh9.Ir9ZvtBCK_DH0NgDQrikJwl9TlrNpW4AopoaBtVziDg	undefined
20231211	22:57:47	f7c86b98-fab2-4988-9c6b-a4499482abb0	POST	/auth/register	undefined
20231211	22:58:02	47844232-079c-42a1-a50e-26dd2eb4a15f	GET	/auth/email/verify/eyJhbGciOiJIUzI1NiIsInR5cCI6IkpXVCJ9.eyJlbWFpbENvZGUiOiJ0djY2ZEttSGt6IiwiaWF0IjoxNzAyMzM1NDY3LCJleHAiOjE3MDIzMzU1ODd9.fpB7wU_O2_1L7MLbULVPN_TQ2vuz-EK_rCCYnvhrWQw	undefined
20231211	22:58:49	896667d4-5e61-435c-8b21-fb3757462461	POST	/auth/register	undefined
20231211	22:59:05	31ef8689-19b2-4fbe-89cb-50b85e9904f4	GET	/auth/email/verify/eyJhbGciOiJIUzI1NiIsInR5cCI6IkpXVCJ9.eyJlbWFpbENvZGUiOiJnSWZ1c1FXckZwIiwiaWF0IjoxNzAyMzM1NTMwLCJleHAiOjE3MDIzMzU2NTB9.OFZQWBr07hAA24YVNkKMUC9z9L8lWa87RAtZLoBNNUg	undefined
20231211	23:00:57	d0ee9a47-9a4b-44a5-9244-673a01126e65	POST	/auth/register	undefined
20231211	23:01:10	56a673c6-e21a-4ed5-8582-c190546474f8	GET	/auth/email/verify/eyJhbGciOiJIUzI1NiIsInR5cCI6IkpXVCJ9.eyJlbWFpbENvZGUiOiJGbnV6QkpIN2xYIiwiaWF0IjoxNzAyMzM1NjU3LCJleHAiOjE3MDIzMzU3Nzd9.rgFOeWRb80k2f7sPRqWLcWMM_HLWDxWj8i7IHh7lFAg	undefined
20231211	23:07:47	3025198f-dba6-485c-8f7c-215793dc9d6c	POST	/auth/register	undefined
20231211	23:08:09	64d9c691-e60b-497a-99a3-211fff424b86	GET	/auth/email/verify/eyJhbGciOiJIUzI1NiIsInR5cCI6IkpXVCJ9.eyJlbWFpbENvZGUiOiJWNjBRTU91ajNKIiwiaWF0IjoxNzAyMzM2MDY3LCJleHAiOjE3MDIzMzYxODd9.55a0czcGB6mmQefOBtuE6xHBF5zlwjpHmxOhcMnPyVY	undefined
20231211	23:08:17	cd696852-ae0b-42be-945a-53905a0d425f	GET	/auth/verify/phone/eyJhbGciOiJIUzI1NiIsInR5cCI6IkpXVCJ9.eyJwaG9uZUNvZGUiOiJ1aVpNWFpRZEJzIiwiaWF0IjoxNzAyMzM2MDY3LCJleHAiOjE3MDIzMzYxODd9.foF543Ph91vOW0tyIifzX3cSD8sRBcEnUzpoeCaVR4M	undefined
20231211	23:09:15	9959fb8a-c1d6-4185-8461-7e5395b37b31	GET	/auth/verify/phone/eyJhbGciOiJIUzI1NiIsInR5cCI6IkpXVCJ9.eyJwaG9uZUNvZGUiOiJ1aVpNWFpRZEJzIiwiaWF0IjoxNzAyMzM2MDY3LCJleHAiOjE3MDIzMzYxODd9.foF543Ph91vOW0tyIifzX3cSD8sRBcEnUzpoeCaVR4M	undefined
20231211	23:09:20	d5409b43-a6c3-4e34-ac82-f518c15a0fe9	GET	/auth/verify/phone/eyJhbGciOiJIUzI1NiIsInR5cCI6IkpXVCJ9.eyJwaG9uZUNvZGUiOiJ1aVpNWFpRZEJzIiwiaWF0IjoxNzAyMzM2MDY3LCJleHAiOjE3MDIzMzYxODd9.foF543Ph91vOW0tyIifzX3cSD8sRBcEnUzpoeCaVR4M	undefined
20231211	23:09:23	be2b7f70-5caf-47cd-a8e8-83bd990adec7	GET	/auth/verify/phone/eyJhbGciOiJIUzI1NiIsInR5cCI6IkpXVCJ9.eyJwaG9uZUNvZGUiOiJ1aVpNWFpRZEJzIiwiaWF0IjoxNzAyMzM2MDY3LCJleHAiOjE3MDIzMzYxODd9.foF543Ph91vOW0tyIifzX3cSD8sRBcEnUzpoeCaVR4M	undefined
20231211	23:09:27	203114cf-9b3b-47d0-b48e-50f61e0f22af	GET	/auth/verify/phone/eyJhbGciOiJIUzI1NiIsInR5cCI6IkpXVCJ9.eyJwaG9uZUNvZGUiOiJ1aVpNWFpRZEJzIiwiaWF0IjoxNzAyMzM2MDY3LCJleHAiOjE3MDIzMzYxODd9.foF543Ph91vOW0tyIifzX3cSD8sRBcEnUzpoeCaVR4M	undefined
20231211	23:10:08	053d6522-ea9a-413b-8660-526d0753147d	GET	/auth/verify/phone/eyJhbGciOiJIUzI1NiIsInR5cCI6IkpXVCJ9.eyJwaG9uZUNvZGUiOiJ1aVpNWFpRZEJzIiwiaWF0IjoxNzAyMzM2MDY3LCJleHAiOjE3MDIzMzYxODd9.foF543Ph91vOW0tyIifzX3cSD8sRBcEnUzpoeCaVR4M	undefined
20231211	23:10:40	f298d794-cdf9-419e-843d-9e526847a221	POST	/auth/register	undefined
20231211	23:10:54	210c556a-105d-4aad-b47b-fdceef02a2f5	GET	/auth/email/verify/eyJhbGciOiJIUzI1NiIsInR5cCI6IkpXVCJ9.eyJlbWFpbENvZGUiOiJRRE5CTzQxZVB5IiwiaWF0IjoxNzAyMzM2MjQwLCJleHAiOjE3MDIzMzYzNjB9.sfGLrKl32iLRgHlQhFv61adxyVURCW7AeL0i5_VpR7U	undefined
20231211	23:11:00	38860745-17f6-4223-9a56-21f287b27ee9	GET	/auth/verify/phone/eyJhbGciOiJIUzI1NiIsInR5cCI6IkpXVCJ9.eyJwaG9uZUNvZGUiOiI0WFV2SUdUUjdjIiwiaWF0IjoxNzAyMzM2MjQwLCJleHAiOjE3MDIzMzYzNjB9.cN0bxukGXuLE7qq_qv_Mxsqe6CE8zYKypabgZpNopNU	undefined
20231211	23:11:02	6e544d48-4750-467d-ac50-a2644f2a1638	GET	/auth/verify/phone/eyJhbGciOiJIUzI1NiIsInR5cCI6IkpXVCJ9.eyJwaG9uZUNvZGUiOiI0WFV2SUdUUjdjIiwiaWF0IjoxNzAyMzM2MjQwLCJleHAiOjE3MDIzMzYzNjB9.cN0bxukGXuLE7qq_qv_Mxsqe6CE8zYKypabgZpNopNU	undefined
20231211	23:11:04	7c3bbaf7-c223-4416-8796-18c40b822a1c	GET	/auth/verify/phone/eyJhbGciOiJIUzI1NiIsInR5cCI6IkpXVCJ9.eyJwaG9uZUNvZGUiOiI0WFV2SUdUUjdjIiwiaWF0IjoxNzAyMzM2MjQwLCJleHAiOjE3MDIzMzYzNjB9.cN0bxukGXuLE7qq_qv_Mxsqe6CE8zYKypabgZpNopNU	undefined
20231211	23:11:33	533ea5f9-806c-4d6b-8080-f91f99555e5f	GET	/auth/verify/phone/eyJhbGciOiJIUzI1NiIsInR5cCI6IkpXVCJ9.eyJwaG9uZUNvZGUiOiI0WFV2SUdUUjdjIiwiaWF0IjoxNzAyMzM2MjQwLCJleHAiOjE3MDIzMzYzNjB9.cN0bxukGXuLE7qq_qv_Mxsqe6CE8zYKypabgZpNopNU	undefined
20231211	23:11:35	31b1134a-b205-428f-bee7-8c2767aea802	GET	/auth/verify/phone/eyJhbGciOiJIUzI1NiIsInR5cCI6IkpXVCJ9.eyJwaG9uZUNvZGUiOiI0WFV2SUdUUjdjIiwiaWF0IjoxNzAyMzM2MjQwLCJleHAiOjE3MDIzMzYzNjB9.cN0bxukGXuLE7qq_qv_Mxsqe6CE8zYKypabgZpNopNU	undefined
20231211	23:11:59	310972ee-1e70-41e8-8f0a-0cac04a1ac60	GET	/auth/verify/phone/eyJhbGciOiJIUzI1NiIsInR5cCI6IkpXVCJ9.eyJwaG9uZUNvZGUiOiI0WFV2SUdUUjdjIiwiaWF0IjoxNzAyMzM2MjQwLCJleHAiOjE3MDIzMzYzNjB9.cN0bxukGXuLE7qq_qv_Mxsqe6CE8zYKypabgZpNopNU	undefined
20231211	23:12:06	c6ab5d9b-5e4f-476a-a4e0-669fc4c5ef08	GET	/auth/verify/phone/eyJhbGciOiJIUzI1NiIsInR5cCI6IkpXVCJ9.eyJwaG9uZUNvZGUiOiI0WFV2SUdUUjdjIiwiaWF0IjoxNzAyMzM2MjQwLCJleHAiOjE3MDIzMzYzNjB9.cN0bxukGXuLE7qq_qv_Mxsqe6CE8zYKypabgZpNopNU	undefined
20231211	23:12:27	e1595b28-4a5b-4572-a51b-1e6ef84ef190	GET	/auth/phone/verify/eyJhbGciOiJIUzI1NiIsInR5cCI6IkpXVCJ9.eyJwaG9uZUNvZGUiOiI0WFV2SUdUUjdjIiwiaWF0IjoxNzAyMzM2MjQwLCJleHAiOjE3MDIzMzYzNjB9.cN0bxukGXuLE7qq_qv_Mxsqe6CE8zYKypabgZpNopNU	undefined
20231211	23:15:03	48f1ec3f-82d9-4c7a-a661-ff0a8d85cc11	POST	/auth/register	undefined
20231211	23:15:17	f280f52e-7ae3-472f-a49c-710374444ae6	GET	/auth/email/verify/eyJhbGciOiJIUzI1NiIsInR5cCI6IkpXVCJ9.eyJlbWFpbENvZGUiOiJQZ1h0bmozN29uIiwiaWF0IjoxNzAyMzM2NTA0LCJleHAiOjE3MDIzMzY2MjR9.qdQxY_zWkhOioWTLstNv1-Zjnf9IvubKgmSIaggC2-U	undefined
20231211	23:15:33	a707d74a-899a-4f99-835f-d40c3fb35856	GET	/auth/verify/phone/eyJhbGciOiJIUzI1NiIsInR5cCI6IkpXVCJ9.eyJwaG9uZUNvZGUiOiJiWmVLUW42Q2lRIiwiaWF0IjoxNzAyMzM2NTA0LCJleHAiOjE3MDIzMzY2MjR9.ADyjWWdeBrAKyeLWC2JaMHWu9keavX87MLJmSdNjyec	undefined
20231211	23:15:39	2972d844-9afc-4a28-b08e-0c3309581f9c	GET	/auth/verify/phone/eyJhbGciOiJIUzI1NiIsInR5cCI6IkpXVCJ9.eyJwaG9uZUNvZGUiOiJiWmVLUW42Q2lRIiwiaWF0IjoxNzAyMzM2NTA0LCJleHAiOjE3MDIzMzY2MjR9.ADyjWWdeBrAKyeLWC2JaMHWu9keavX87MLJmSdNjyec	undefined
20231211	23:15:41	196b0c33-f98f-42b2-ad75-313cd614f4ae	GET	/auth/verify/phone/eyJhbGciOiJIUzI1NiIsInR5cCI6IkpXVCJ9.eyJwaG9uZUNvZGUiOiJiWmVLUW42Q2lRIiwiaWF0IjoxNzAyMzM2NTA0LCJleHAiOjE3MDIzMzY2MjR9.ADyjWWdeBrAKyeLWC2JaMHWu9keavX87MLJmSdNjyec	undefined
20231211	23:16:03	a31c56bf-87a3-4bd3-b5e7-2e7b405dcbe0	GET	/auth/verify/phone/eyJhbGciOiJIUzI1NiIsInR5cCI6IkpXVCJ9.eyJwaG9uZUNvZGUiOiJiWmVLUW42Q2lRIiwiaWF0IjoxNzAyMzM2NTA0LCJleHAiOjE3MDIzMzY2MjR9.ADyjWWdeBrAKyeLWC2JaMHWu9keavX87MLJmSdNjyec	undefined
20231211	23:16:04	7a1166cc-0b04-44df-818b-f8b1f95e7544	GET	/auth/verify/phone/eyJhbGciOiJIUzI1NiIsInR5cCI6IkpXVCJ9.eyJwaG9uZUNvZGUiOiJiWmVLUW42Q2lRIiwiaWF0IjoxNzAyMzM2NTA0LCJleHAiOjE3MDIzMzY2MjR9.ADyjWWdeBrAKyeLWC2JaMHWu9keavX87MLJmSdNjyec	undefined
20231211	23:16:05	8deb06d4-29b8-4e69-978e-b7d3437a17f2	GET	/auth/verify/phone/eyJhbGciOiJIUzI1NiIsInR5cCI6IkpXVCJ9.eyJwaG9uZUNvZGUiOiJiWmVLUW42Q2lRIiwiaWF0IjoxNzAyMzM2NTA0LCJleHAiOjE3MDIzMzY2MjR9.ADyjWWdeBrAKyeLWC2JaMHWu9keavX87MLJmSdNjyec	undefined
20231211	23:16:15	ad29959c-cd97-4c4b-901e-0df55e5c2b3d	GET	/auth/verify/phone/eyJhbGciOiJIUzI1NiIsInR5cCI6IkpXVCJ9.eyJwaG9uZUNvZGUiOiJiWmVLUW42Q2lRIiwiaWF0IjoxNzAyMzM2NTA0LCJleHAiOjE3MDIzMzY2MjR9.ADyjWWdeBrAKyeLWC2JaMHWu9keavX87MLJmSdNjyec	undefined
20231211	23:16:17	c0f461a7-3bd2-40dc-a4d9-8f0f7792d8b2	GET	/auth/verify/phone/eyJhbGciOiJIUzI1NiIsInR5cCI6IkpXVCJ9.eyJwaG9uZUNvZGUiOiJiWmVLUW42Q2lRIiwiaWF0IjoxNzAyMzM2NTA0LCJleHAiOjE3MDIzMzY2MjR9.ADyjWWdeBrAKyeLWC2JaMHWu9keavX87MLJmSdNjyec	undefined
20231211	23:16:18	db2cfaf6-029f-4858-a7d6-36794c40b204	GET	/auth/verify/phone/eyJhbGciOiJIUzI1NiIsInR5cCI6IkpXVCJ9.eyJwaG9uZUNvZGUiOiJiWmVLUW42Q2lRIiwiaWF0IjoxNzAyMzM2NTA0LCJleHAiOjE3MDIzMzY2MjR9.ADyjWWdeBrAKyeLWC2JaMHWu9keavX87MLJmSdNjyec	undefined
20231211	23:16:54	70912fd8-c727-4aa5-86ce-0d00c08e14cf	GET	/auth/verify/phone/eyJhbGciOiJIUzI1NiIsInR5cCI6IkpXVCJ9.eyJwaG9uZUNvZGUiOiJiWmVLUW42Q2lRIiwiaWF0IjoxNzAyMzM2NTA0LCJleHAiOjE3MDIzMzY2MjR9.ADyjWWdeBrAKyeLWC2JaMHWu9keavX87MLJmSdNjyec	undefined
20231211	23:16:56	e2b3df0c-b82c-4191-b58b-9d16cd1c2924	GET	/auth/verify/phone/eyJhbGciOiJIUzI1NiIsInR5cCI6IkpXVCJ9.eyJwaG9uZUNvZGUiOiJiWmVLUW42Q2lRIiwiaWF0IjoxNzAyMzM2NTA0LCJleHAiOjE3MDIzMzY2MjR9.ADyjWWdeBrAKyeLWC2JaMHWu9keavX87MLJmSdNjyec	undefined
20231211	23:36:44	9f821c9e-8cc7-428b-9c6f-88c40837bf90	POST	/auth/register	undefined
20231211	23:37:03	80322350-bdb2-49cd-b801-52f66c05d6c3	GET	/auth/verify/email/eyJhbGciOiJIUzI1NiIsInR5cCI6IkpXVCJ9.eyJlbWFpbENvZGUiOiJIeXplanNCaG91IiwiaWF0IjoxNzAyMzM3ODA1LCJleHAiOjE3MDIzMzc5MjV9.XrA832v2S_Qu_JB6xXafxB48bKY6XBIL9pmdFQc9Lwg	undefined
20231211	23:37:08	cb191265-16de-4861-94f7-cb5dab4a134e	GET	/auth/phone/verify/eyJhbGciOiJIUzI1NiIsInR5cCI6IkpXVCJ9.eyJwaG9uZUNvZGUiOiJiWmVLUW42Q2lRIiwiaWF0IjoxNzAyMzM2NTA0LCJleHAiOjE3MDIzMzY2MjR9.ADyjWWdeBrAKyeLWC2JaMHWu9keavX87MLJmSdNjyec	undefined
20231211	23:37:09	a934a443-a7ec-4602-ba49-8bb277a0cb53	GET	/auth/verify/phone/eyJhbGciOiJIUzI1NiIsInR5cCI6IkpXVCJ9.eyJwaG9uZUNvZGUiOiJFa21NT25jakpaIiwiaWF0IjoxNzAyMzM3ODA1LCJleHAiOjE3MDIzMzc5MjV9.z6jrtqlP9mD8UEmDa3AUaxmVtyPSuSgFDu-qxFYAZlo	undefined
20231211	23:37:47	f7f0da81-ff6e-4d9d-93b7-a85cd947689b	GET	/auth/verify/phone/eyJhbGciOiJIUzI1NiIsInR5cCI6IkpXVCJ9.eyJwaG9uZUNvZGUiOiJFa21NT25jakpaIiwiaWF0IjoxNzAyMzM3ODA1LCJleHAiOjE3MDIzMzc5MjV9.z6jrtqlP9mD8UEmDa3AUaxmVtyPSuSgFDu-qxFYAZlo	undefined
20231211	23:37:48	4d2a34e4-179c-4f1e-8861-b5b70ec3245c	GET	/favicon.ico	undefined
20231211	23:37:51	e2a49cce-fca6-4112-9b46-fab5c88a3ca1	GET	/auth/verify/phone/eyJhbGciOiJIUzI1NiIsInR5cCI6IkpXVCJ9.eyJwaG9uZUNvZGUiOiJFa21NT25jakpaIiwiaWF0IjoxNzAyMzM3ODA1LCJleHAiOjE3MDIzMzc5MjV9.z6jrtqlP9mD8UEmDa3AUaxmVtyPSuSgFDu-qxFYAZlo	undefined
20231211	23:41:35	a953047b-6071-43d5-9ec0-552e2ad0af54	POST	/auth/register	undefined
20231211	23:42:31	f3e35fa6-9f29-4ab3-850c-768900e09045	POST	/auth/register	undefined
20231211	23:43:08	5ae9f37c-d2b4-422f-a4c0-54d38daf154c	POST	/auth/register	undefined
20231212	00:07:12	d8bf8ead-75f9-4a6e-af9b-b9640215970b	POST	/auth/login	undefined
20231212	00:07:32	59ae5765-6e85-4e7f-b012-eef9fd9e2f10	POST	/auth/login	undefined
20231212	00:09:24	3c0d1edc-1773-4508-aa6e-c260e550b3b2	POST	/auth/login	undefined
20231212	00:09:44	034268fb-8519-45bc-be12-97c34b32e0f2	POST	/auth/login	undefined
20231212	00:09:56	71d3d39e-036b-4b95-baaa-fef0ee78da77	POST	/auth/login	undefined
20231212	00:09:59	39493073-c8d1-42c9-afd1-ed04a53177c2	POST	/auth/login	undefined
20231212	00:11:10	91160196-8847-42df-b2f9-ead00fd2baae	POST	/auth/login	undefined
20231212	09:12:04	d640fbf9-f135-40a7-9647-cf7ea37e2c10	POST	/auth/register	undefined
20231212	09:17:43	6ecca04f-6d0d-4b0b-be3b-919ff5b17336	POST	/auth/login	undefined
20231213	07:28:44	bd6dc270-d20a-4396-b814-3acfb6bd1388	POST	/auth/login	undefined
20231213	07:39:25	90c39f27-10f6-44d2-938d-352172eeb9ff	POST	/auth/login	undefined
20231213	07:39:49	0c80e8e0-9949-4854-b5b6-4d9f24dcd407	POST	/admin/adduser	undefined
20231213	07:40:03	e9f4ad6e-55a2-447d-b6b5-54f2a3f5857e	POST	/admin/adduser	undefined
20231213	16:55:31	e38f83d4-ee2c-44fe-a065-f5102193e8ea	POST	/auth/login	undefined
20231213	17:12:47	96729a48-acea-4b2e-966f-7ab12c216abd	POST	/auth/login	undefined
20231213	17:12:57	a383d3d7-5d82-4d1f-9c0e-3b35c1b3ef55	POST	/auth/forgetpassword	undefined
20231213	17:16:02	1d4d67f6-435c-4b81-a9de-53fc5b0b02e2	POST	/auth/forgetpassword	undefined
20231213	17:17:14	28c944fd-1351-4765-b621-079ffde65ab3	POST	/auth/forgetpassword	undefined
20231213	17:19:28	a7607bc9-b0fe-4753-ac27-114b6cbed6c9	POST	/auth/forgetpassword	undefined
20231213	17:21:31	cd149302-1866-4bc7-8aa6-ab1a5fb00078	POST	/auth/forgetpassword	undefined
20231213	17:23:18	003f2010-e02a-447e-81db-c8d1ec9d7818	POST	/auth/forgetpassword	undefined
20231213	17:38:34	07d73981-0637-4958-ac8d-9621d936a0df	POST	/auth/forgetpassword	undefined
20231213	17:38:35	0fe1cb32-8763-4754-8169-ada7f6892db6	GET	/auth/forgetpassword/resetpassword/65779e8c469c29416812a078	undefined
20231213	17:38:49	638ab4b5-4c09-47d6-9e79-0cd99b82a3c8	POST	/auth/login	undefined
20231213	17:39:01	d27dddd2-4225-40fc-b080-f4f6f7cbcf4c	POST	/auth/forgetpassword	undefined
20231213	17:39:01	b498256b-5a78-42e8-8a50-1411f2cc8658	GET	/auth/forgetpassword/resetpassword/65779e8c469c29416812a078	undefined
20231213	17:39:04	7a84a7d7-2a96-4faa-bfb3-24a47b6c892e	POST	/auth/forgetpassword	undefined
20231213	17:39:04	93c71b95-b48a-4823-9ab8-6adc51dc98f3	GET	/auth/forgetpassword/resetpassword/65779e8c469c29416812a078	undefined
20231213	17:39:05	3629f147-24c2-487e-86e0-62be7b99ebb5	POST	/auth/forgetpassword	undefined
20231213	17:39:05	68ab7ae6-827a-4ad4-8846-9469c37ad5ff	GET	/auth/forgetpassword/resetpassword/65779e8c469c29416812a078	undefined
20231213	17:39:07	ddbcbbf1-9ef8-48f5-bd35-9b7e09ca8a5b	POST	/auth/forgetpassword	undefined
20231213	17:39:07	24a96bc1-d317-4256-b7ee-a1c60daea2b8	GET	/auth/forgetpassword/resetpassword/65779e8c469c29416812a078	undefined
20231213	17:39:08	a69d0224-e17d-4b8d-9213-530d4cfac35c	POST	/auth/forgetpassword	undefined
20231213	17:39:08	0d110bf7-14fe-4906-9ece-29e28e33cbf1	GET	/auth/forgetpassword/resetpassword/65779e8c469c29416812a078	undefined
20231213	17:40:49	d93b8389-fe91-4660-8367-845bd2f10e51	POST	/auth/forgetpassword/resetpassword	undefined
20231213	17:48:25	ba71bdad-5804-45c2-8d4e-7acdfea86946	POST	/auth/forgetpassword	undefined
20231213	17:48:39	88b78095-c649-444c-9c3f-f59e9dd11dc0	POST	/auth/forgetpassword	undefined
20231213	17:49:15	68208cab-6913-44f9-a09f-de4de7ea0091	POST	/auth/forgetpassword	undefined
20231213	17:49:33	9d2f237c-3129-440a-9084-11477e2128e8	POST	/auth/forgetpassword	undefined
20231213	17:50:52	5d976816-01b3-49e6-9609-122a6de02188	POST	/auth/forgetpassword/resetpassword	undefined
20231213	17:54:35	e369aad1-09c5-4423-954e-574bc5f36142	POST	/auth/forgetpassword	undefined
20231213	18:05:04	d6b2e0dc-b6b7-4267-938b-fc4218ae3d10	POST	/auth/forgetpassword	undefined
20231213	18:06:03	b4ae4a49-f5d8-4997-93cd-669a0bb48b83	POST	/auth/forgetpassword/resetpassword	undefined
20231213	18:06:49	dad22e50-7f87-4781-9c24-ef9d79ab1ec4	POST	/auth/forgetpassword	undefined
20231213	18:06:57	f9d922fd-e77e-4046-af2d-0baaf36c261c	POST	/auth/forgetpassword/resetpassword	undefined
20231213	18:07:31	eae36909-9786-41d0-a13e-fff6ac5856a7	POST	/auth/forgetpassword/resetpassword	undefined
20231213	18:08:03	e356af9d-f814-4cf9-be7c-6b311b8b0e1e	POST	/auth/forgetpassword/resetpassword	undefined
20231213	18:08:20	e66d5355-cb7e-48b0-85fd-6b525514aaf8	POST	/auth/forgetpassword	undefined
20231213	18:12:11	d1ea32b9-79e0-4ad7-9e88-518a0d19b752	POST	/auth/forgetpassword	undefined
20231213	18:12:34	907c2ca2-6192-460c-86ce-6717da7d6474	POST	/auth/forgetpassword/resetpassword	undefined
20231213	18:13:11	07600dbe-64ee-40a1-8789-a9007b4e1d1c	POST	/auth/forgetpassword/resetpassword	undefined
20231213	18:13:48	3721020d-2b18-4c03-ac5e-72124d89f6d2	POST	/auth/forgetpassword/resetpassword	undefined
20231213	18:15:49	9ecd54aa-a78f-4b2b-a5e8-fec02e344c33	POST	/auth/forgetpassword	undefined
20231213	18:16:21	10b0d85f-ae59-44a4-a920-362487a20d20	POST	/auth/forgetpassword/resetpassword	undefined
20231213	18:16:59	451688e8-a372-416d-b318-b175ae8f8299	POST	/auth/forgetpassword/resetpassword	undefined
20231213	18:17:34	7dc1eb1f-d37f-4f53-8748-13b32b61d618	POST	/auth/forgetpassword/resetpassword	undefined
20231213	18:17:49	767936cc-d6eb-46f8-bab5-dfeeffd09d20	POST	/auth/forgetpassword/resetpassword	undefined
20231213	18:19:00	fa7332ef-b45b-4bcc-b91d-9907e6887c3c	POST	/auth/forgetpassword	undefined
20231213	18:19:33	a3e91687-4f4d-414c-9d04-47c99aea006d	POST	/auth/forgetpassword/resetpassword	undefined
20231213	18:20:11	5549e5b8-583b-4cd8-8670-11e2845e5d64	POST	/auth/forgetpassword/resetpassword	undefined
20231213	18:20:40	5b217469-4796-4239-ad3c-d4fd8c0aed9a	POST	/auth/forgetpassword/resetpassword	undefined
20231213	18:20:42	d0abcbce-f00d-4704-a9dc-d8570f187c7f	POST	/auth/forgetpassword/resetpassword	undefined
20231213	18:21:12	88b3af42-f0ad-4bba-ac24-2aa7475331ef	POST	/auth/forgetpassword/resetpassword	undefined
20231213	18:22:15	863cdce9-4616-4a44-a43a-defe5299de3e	POST	/auth/forgetpassword/resetpassword	undefined
20231213	18:22:36	65d57d7a-1cef-48fc-a0d1-f4e39e3be4a4	POST	/auth/forgetpassword	undefined
20231213	18:23:03	21158301-3625-4d8f-bad0-c15478144722	POST	/auth/forgetpassword/resetpassword	undefined
20231213	18:23:28	4641dccd-12c0-4477-b5ca-05af14113167	POST	/auth/forgetpassword/resetpassword	undefined
20231213	18:23:47	fe5552bc-0c5a-4ea4-85e5-5a1c4d65f987	POST	/auth/forgetpassword/resetpassword	undefined
20231213	18:29:07	fb85b096-4317-4c19-85d4-bd3c89d4ec3c	POST	/auth/forgetpassword/resetpassword	undefined
20231213	18:29:28	76a9d717-6f5c-4494-b161-8da2edbbe761	POST	/auth/forgetpassword	undefined
20231213	18:29:56	a5744350-02d6-4e52-a84f-c7bc8d25c2e9	POST	/auth/forgetpassword/resetpassword	undefined
20231213	18:32:34	f23b9744-ec5b-492d-9cef-44fd69d3d658	POST	/auth/forgetpassword/resetpassword	undefined
20231213	18:32:43	fd54361e-ca02-42b8-8538-a439f14970ea	POST	/auth/forgetpassword	undefined
20231213	18:33:05	edc06863-bf06-4f4a-a687-1d9fface8e3f	POST	/auth/forgetpassword/resetpassword	undefined
20231213	18:34:26	e42af886-7939-43d4-b265-9faed8daca2b	POST	/auth/forgetpassword/resetpassword	undefined
20231213	18:34:41	bffd7510-01a1-415b-8490-97b7268a4db3	POST	/auth/forgetpassword	undefined
20231213	18:35:19	dd9e3999-f507-45bf-90a1-7a90cc847690	POST	/auth/forgetpassword/resetpassword/realfaizan01@gmail.com	undefined
20231213	18:35:49	77e3446b-030b-4473-a379-367026be5d93	POST	/auth/forgetpassword/resetpassword/realfaizan01@gmail.com	undefined
20231213	18:36:10	41c66ded-14ef-4e5f-95dd-5e15e767f646	POST	/auth/forgetpassword/resetpassword/realfaizan01@gmail.com	undefined
20231213	18:36:10	3b9f83b3-fcc3-46c2-be70-245574120ab9	POST	/auth/forgetpassword/resetpassword/realfaizan01@gmail.com	undefined
20231213	18:37:11	2c1eed11-e0ca-4f6f-92d4-96e882f1671e	POST	/auth/forgetpassword/resetpassword/realfaizan01@gmail.com	undefined
20231213	18:37:18	aaf8ee39-47f1-42c6-bd5a-488a7d4058d2	POST	/auth/forgetpassword/resetpassword/realfaizan01@gmail.com	undefined
20231213	18:37:21	e09d6e4a-9163-4ef6-8e8f-65d5fd62c880	POST	/auth/forgetpassword/resetpassword/realfaizan01@gmail.com	undefined
20231213	18:37:22	c29c3b59-32d9-48f9-9f0a-31f95340a63e	POST	/auth/forgetpassword/resetpassword/realfaizan01@gmail.com	undefined
20231213	18:37:45	9b2109b3-4e00-4863-bbc3-4ef2833f5e6c	POST	/auth/forgetpassword/resetpassword/realfaizan01@gmail.com	undefined
20231213	18:37:53	5ed98b30-4d92-4b0b-b014-b78a276c690f	POST	/auth/forgetpassword	undefined
20231213	18:38:04	aff6b338-f50d-49fb-9c43-144e79273834	POST	/auth/forgetpassword/resetpassword/realfaizan01@gmail.com	undefined
20231213	18:42:04	3c849944-e733-4684-b4d4-f0948f308012	POST	/auth/forgetpassword	undefined
20231213	18:42:38	fed669b6-65ef-48ad-9ada-f8c7bfc47c26	POST	/auth/forgetpassword/resetpassword/realfaizan01@gmail.com	undefined
20231213	18:44:03	eb3525fe-21ed-4129-9638-957b1fff680c	POST	/auth/forgetpassword	undefined
20231213	18:44:32	429390b6-0cee-4153-8aff-2f4cd1bf811e	POST	/auth/forgetpassword/resetpassword/realfaizan01@gmail.com	undefined
20231213	19:04:01	5a041873-8a0a-41ee-8f05-6cb4513f876c	POST	/auth/forgetpassword	undefined
20231213	19:04:30	d1a44c45-6cdd-45c7-a29e-a931b6a48054	POST	/auth/forgetpassword/resetpassword/realfaizan01@gmail.com	undefined
20231213	19:06:57	f3b0ae86-8309-4989-a194-1ce383bbcc82	POST	/auth/forgetpassword	undefined
20231213	19:07:13	3e319e06-2276-41ae-b166-ba1f7b428d9e	POST	/auth/forgetpassword/resetpassword/realfaizan01@gmail.com	undefined
20231213	19:07:32	bb5a07f9-d91f-4d12-854f-7f920a48ede3	POST	/auth/forgetpassword/resetpassword/realfaizan01@gmail.com	undefined
20231213	19:07:48	aca42aa4-3356-4fa5-9ce0-b0b3b1b8e3bb	POST	/auth/forgetpassword/resetpassword/realfaizan01@gmail.com	undefined
20231213	19:07:59	266d4e0d-9ae3-436c-b035-86944980a76f	POST	/auth/forgetpassword	undefined
20231213	19:08:02	21ba96f5-7f31-4263-ac90-f50cfbbe48a7	POST	/auth/forgetpassword/resetpassword/realfaizan01@gmail.com	undefined
20231213	19:08:11	8e2b919f-7694-4425-bbd8-c34928f0d929	POST	/auth/forgetpassword/resetpassword/realfaizan01@gmail.com	undefined
20231213	19:08:13	905f5731-63b3-4e70-a0b4-dd7efd1d2c7b	POST	/auth/forgetpassword/resetpassword/realfaizan01@gmail.com	undefined
20231213	19:08:46	0692fb17-0ba4-4414-b3da-ea34d67a7c0a	POST	/auth/forgetpassword	undefined
20231213	19:08:57	8407af93-5c72-4da2-b7f3-a4a20ddfa987	POST	/auth/forgetpassword/resetpassword/realfaizan01@gmail.com	undefined
